Log file open, 08/16/17 22:01:11
LogInit:Display: Running engine for game: MenuTutorial
LogInit:Display: Project file not found: ../../../MenuTutorial/MenuTutorial.uproject
LogInit:Display: 	Attempting to find via project info helper.
LogUProjectInfo: Found projects:
LogPlatformFile: Not using cached read wrapper
LogInit:Display: RandInit(-1766903597) SRandInit(-1766903596).
LogTaskGraph: Started task graph with 5 named threads and 8 total threads with 1 sets of task threads.
LogStats: Stats thread started at 0.098887
LogInit: Using libcurl 7.47.1
LogInit:  - built for x86_64-pc-win32
LogInit:  - supports SSL with OpenSSL/1.0.2g
LogInit:  - supports HTTP deflate (compression) using libz 1.2.8
LogInit:  - other features:
LogInit:      CURL_VERSION_SSL
LogInit:      CURL_VERSION_LIBZ
LogInit:      CURL_VERSION_IPV6
LogInit:      CURL_VERSION_ASYNCHDNS
LogInit:      CURL_VERSION_LARGEFILE
LogInit:      CURL_VERSION_IDN
LogInit:  CurlRequestOptions (configurable via config and command line):
LogInit:  - bVerifyPeer = false  - Libcurl will NOT verify peer certificate
LogInit:  - bUseHttpProxy = false  - Libcurl will NOT use HTTP proxy
LogInit:  - bDontReuseConnections = false  - Libcurl will reuse connections
LogInit:  - CertBundlePath = nullptr  - Libcurl will use whatever was configured at build time.
LogInit: Build: ++UE4+Release-4.16-CL-3561208
LogInit: Engine Version: 4.16.3-3561208+++UE4+Release-4.16
LogInit: Compatible Engine Version: 4.16.0-3452394+++UE4+Release-4.16
LogInit: Net CL: 3452394
LogDevObjectVersion: Number of dev versions registered: 16
LogDevObjectVersion:   Dev-Blueprints (B0D832E4-1F89-4F0D-ACCF-7EB736FD4AA2): 9
LogDevObjectVersion:   Dev-Build (E1C64328-A22C-4D53-A36C-8E866417BD8C): 0
LogDevObjectVersion:   Dev-Core (375EC13C-06E4-48FB-B500-84F0262A717E): 2
LogDevObjectVersion:   Dev-Editor (E4B068ED-F494-42E9-A231-DA0B2E46BB41): 17
LogDevObjectVersion:   Dev-Framework (CFFC743F-43B0-4480-9391-14DF171D2073): 23
LogDevObjectVersion:   Dev-Mobile (B02B49B5-BB20-44E9-A304-32B752E40360): 0
LogDevObjectVersion:   Dev-Networking (A4E4105C-59A1-49B5-A7C5-40C4547EDFEE): 0
LogDevObjectVersion:   Dev-Online (39C831C9-5AE6-47DC-9A44-9C173E1C8E7C): 0
LogDevObjectVersion:   Dev-Physics (78F01B33-EBEA-4F98-B9B4-84EACCB95AA2): 0
LogDevObjectVersion:   Dev-Platform (6631380F-2D4D-43E0-8009-CF276956A95A): 0
LogDevObjectVersion:   Dev-Rendering (12F88B9F-8875-4AFC-A67C-D90C383ABD29): 15
LogDevObjectVersion:   Dev-Sequencer (7B5AE74C-D270-4C10-A958-57980B212A5A): 4
LogDevObjectVersion:   Dev-VR (D7296918-1DD6-4BDD-9DE2-64A83CC13884): 0
LogDevObjectVersion:   Dev-LoadTimes (C2A15278-BFE7-4AFE-6C17-90FF531DF755): 1
LogDevObjectVersion:   Private-Geometry (6EACA3D4-40EC-4CC1-B786-8BED09428FC5): 1
LogDevObjectVersion:   Dev-AnimPhys (29E575DD-E0A3-4627-9D10-D276232CDCEA): 3
LogInit: Compiled (64-bit): Jul 28 2017 11:52:15
LogInit: Compiled with Visual C++: 19.00.24215.01
LogInit: Build Configuration: Development
LogInit: Branch Name: ++UE4+Release-4.16
LogInit: Command line:  
LogInit: Base directory: C:/Users/justice/Desktop/Gamepad-Navigable-Main-Menu-Tutorial/Build/WindowsNoEditor/Engine/Binaries/Win64/
LogInit: Installed Engine Build: 0
LogInit: Presizing for max 2097152 objects, including 0 objects not considered by GC, pre-allocating 0 bytes for permanent pool.
LogStreaming:Display: Async Loading initialized: Event Driven Loader: true, Async Loading Thread: false
LogInit: Object subsystem initialized
[2017.08.17-03.01.11:166][  0]LogInit: Selected Device Profile: [WindowsNoEditor]
[2017.08.17-03.01.11:166][  0]LogInit: Applying CVar settings loaded from the selected device profile: [WindowsNoEditor]
[2017.08.17-03.01.11:178][  0]LogInit: Computer: JUSTICE-PC
[2017.08.17-03.01.11:178][  0]LogInit: User: justice
[2017.08.17-03.01.11:178][  0]LogInit: CPU Page size=4096, Cores=4
[2017.08.17-03.01.11:178][  0]LogInit: High frequency timer resolution =3.919463 MHz
[2017.08.17-03.01.11:178][  0]LogMemory: Memory total: Physical=15.9GB (16GB approx)
[2017.08.17-03.01.11:178][  0]LogMemory: Platform Memory Stats for WindowsNoEditor
[2017.08.17-03.01.11:178][  0]LogMemory: Process Physical Memory: 91.96 MB used, 91.96 MB peak
[2017.08.17-03.01.11:178][  0]LogMemory: Process Virtual Memory: 103.56 MB used, 103.56 MB peak
[2017.08.17-03.01.11:178][  0]LogMemory: Physical Memory: 10369.56 MB used,  5914.02 MB free, 16283.58 MB total
[2017.08.17-03.01.11:178][  0]LogMemory: Virtual Memory: 314.27 MB used,  5914.02 MB free, 134217728.00 MB total
[2017.08.17-03.01.11:350][  0]LogInit: Using OS detected language (en-US).
[2017.08.17-03.01.11:350][  0]LogInit: Using OS detected locale (en-US).
[2017.08.17-03.01.11:351][  0]LogTextLocalizationManager: No specific localization for 'en-US' exists, so the 'en' localization will be used.
[2017.08.17-03.01.11:458][  0]LogD3D11RHI: D3D11 adapters:
[2017.08.17-03.01.11:820][  0]LogD3D11RHI:    0. 'NVIDIA GeForce GTX 780' (Feature Level 11_0)
[2017.08.17-03.01.11:820][  0]LogD3D11RHI:       3039/0/8141 MB DedicatedVideo/DedicatedSystem/SharedSystem, Outputs:2, VendorId:0x10de
[2017.08.17-03.01.11:823][  0]LogD3D11RHI:    1. 'Microsoft Basic Render Driver' (Feature Level 11_0)
[2017.08.17-03.01.11:823][  0]LogD3D11RHI:       0/0/8141 MB DedicatedVideo/DedicatedSystem/SharedSystem, Outputs:0, VendorId:0x1414
[2017.08.17-03.01.11:823][  0]LogD3D11RHI: Chosen D3D11 Adapter: 0
[2017.08.17-03.01.11:839][  0]LogD3D11RHI: Creating new Direct3DDevice
[2017.08.17-03.01.11:839][  0]LogD3D11RHI:     GPU DeviceId: 0x1004 (for the marketing name, search the web for "GPU Device Id")
[2017.08.17-03.01.11:839][  0]LogWindows: EnumDisplayDevices:
[2017.08.17-03.01.11:839][  0]LogWindows:    0. 'NVIDIA GeForce GTX 780' (P:0 D:1)
[2017.08.17-03.01.11:840][  0]LogWindows:    1. 'NVIDIA GeForce GTX 780' (P:1 D:1)
[2017.08.17-03.01.11:840][  0]LogWindows:    2. 'NVIDIA GeForce GTX 780' (P:0 D:0)
[2017.08.17-03.01.11:841][  0]LogWindows:    3. 'NVIDIA GeForce GTX 780' (P:0 D:0)
[2017.08.17-03.01.11:841][  0]LogWindows: DebugString: FoundDriverCount:4 
[2017.08.17-03.01.11:841][  0]LogD3D11RHI:     Adapter Name: NVIDIA GeForce GTX 780
[2017.08.17-03.01.11:841][  0]LogD3D11RHI:   Driver Version: 382.05 (internal:22.21.13.8205, unified:382.05)
[2017.08.17-03.01.11:841][  0]LogD3D11RHI:      Driver Date: 5-1-2017
[2017.08.17-03.01.11:841][  0]LogRHI: Texture pool is 1361 MB (70% of 1945 MB)
[2017.08.17-03.01.12:166][  0]LogD3D11RHI: Async texture creation enabled
[2017.08.17-03.01.12:247][  0]LogD3D11RHI: GPU Timing Frequency: 1000.000000 (Debug: 2 1)
[2017.08.17-03.01.12:370][  0]LogMaterial: Verifying Global Shaders for PCD3D_SM5
[2017.08.17-03.01.12:370][  0]LogSlate: Using Freetype 2.6.0
[2017.08.17-03.01.12:374][  0]LogSlate: SlateFontCache - WITH_FREETYPE: 1, WITH_HARFBUZZ: 1
[2017.08.17-03.01.12:374][  0]LogSlate: SlateFontCache - WITH_FREETYPE: 1, WITH_HARFBUZZ: 1
[2017.08.17-03.01.12:474][  0]LogAssetRegistry: FAssetRegistry took 0.0185 seconds to start up
[2017.08.17-03.01.12:624][  0]LogPackageLocalizationCache: Processed 4 localized package path(s) for 2 prioritized culture(s) in 0.005466 seconds
[2017.08.17-03.01.12:624][  0]LogPakFile: New pak file ../../../MenuTutorial/Content/Paks/MenuTutorial-WindowsNoEditor.pak added to pak precacher.
[2017.08.17-03.01.12:625][  0]LogInit: Selected Device Profile: [WindowsNoEditor]
[2017.08.17-03.01.12:638][  0]LogContentStreaming: Texture pool size is 1000.00 MB
[2017.08.17-03.01.12:713][  0]LogNetVersion: MenuTutorial , NetCL: 3452394, EngineNetVer: 2, GameNetVer: 0 (Checksum: 2410585841)
[2017.08.17-03.01.12:773][  0]LogInit: WinSock: version 1.1 (2.2), MaxSocks=32767, MaxUdp=65467
[2017.08.17-03.01.12:796][  0]LogMoviePlayer: Initializing movie player
[2017.08.17-03.01.12:886][  0]LogAndroidPermission: UAndroidPermissionCallbackProxy::GetInstance
[2017.08.17-03.01.12:903][  0]LogUObjectArray: 29858 objects as part of root set at end of initial load.
[2017.08.17-03.01.12:903][  0]LogUObjectAllocator: 5964784 out of 0 bytes used by permanent object pool.
[2017.08.17-03.01.12:903][  0]LogUObjectArray: CloseDisregardForGC: 0/0 objects in disregard for GC pool
[2017.08.17-03.01.12:914][  0]LogEngine: Initializing Engine...
[2017.08.17-03.01.12:916][  0]LogHMD: Failed to initialize OpenVR with code 110
[2017.08.17-03.01.12:927][  0]LogStreaming:Error: Couldn't find file for package /Script/Engine requested by async loading code. NameToLoad: /Script/Engine
[2017.08.17-03.01.13:103][  0]LogStats: UGameplayTagsManager::ConstructGameplayTagTree: Construct from data asset -  0.000 s
[2017.08.17-03.01.13:103][  0]LogStats: UGameplayTagsManager::ConstructGameplayTagTree: GameplayTagTreeChangedEvent.Broadcast -  0.000 s
[2017.08.17-03.01.13:208][  0]LogInit: XAudio2 using 'Speakers (SB Audigy)' : 6 channels at 48 kHz using 16 bits per sample (channel mask 0x3f)
[2017.08.17-03.01.13:238][  0]LogInit: FAudioDevice initialized.
[2017.08.17-03.01.13:249][  0]LogInit: Texture streaming: Enabled
[2017.08.17-03.01.13:254][  0]LogInit:Display: Game Engine Initialized.
[2017.08.17-03.01.13:254][  0]LogInit:Display: Starting Game.
[2017.08.17-03.01.13:254][  0]LogNet: Browse: /Game/FirstPersonBP/Maps/MainMenuLevel?Name=Player
[2017.08.17-03.01.13:255][  0]LogLoad: LoadMap: /Game/FirstPersonBP/Maps/MainMenuLevel?Name=Player
[2017.08.17-03.01.13:283][  0]LogMemory: Platform Memory Stats for WindowsNoEditor
[2017.08.17-03.01.13:283][  0]LogMemory: Process Physical Memory: 230.44 MB used, 305.91 MB peak
[2017.08.17-03.01.13:283][  0]LogMemory: Process Virtual Memory: 338.46 MB used, 388.96 MB peak
[2017.08.17-03.01.13:283][  0]LogMemory: Physical Memory: 10389.52 MB used,  5894.06 MB free, 16283.58 MB total
[2017.08.17-03.01.13:283][  0]LogMemory: Virtual Memory: 745.45 MB used,  5894.06 MB free, 134217728.00 MB total
[2017.08.17-03.01.13:283][  0]LogMemory: 
[2017.08.17-03.01.13:283][  0]Allocator Stats for binned2: (not implemented)
[2017.08.17-03.01.13:299][  0]LogAIModule: Creating AISystem for world MainMenuLevel
[2017.08.17-03.01.13:300][  0]LogLoad: Game class is 'MainMenuGameMode_C'
[2017.08.17-03.01.13:303][  0]LogWorld: Bringing World /Game/FirstPersonBP/Maps/MainMenuLevel.MainMenuLevel up for play (max tick rate 0) at 2017.08.16-22.01.13
[2017.08.17-03.01.13:303][  0]LogWorld: Bringing up level for play took: 0.000669
[2017.08.17-03.01.13:304][  0]LogGameMode: FindPlayerStart: PATHS NOT DEFINED or NO PLAYERSTART with positive rating
[2017.08.17-03.01.13:306][  0]LogUMG:Display: Widget Class MainMenuUI_C - Loaded Fast Template.
[2017.08.17-03.01.13:307][  0]LogLoad: Took 0.051862 seconds to LoadMap(/Game/FirstPersonBP/Maps/MainMenuLevel)
[2017.08.17-03.01.13:308][  0]LogSlate: Took 0.000333 seconds to synchronously load lazily loaded font '../../../MenuTutorial/Content/BAD_GRUNGE.ufont' (108K)
[2017.08.17-03.01.13:388][  0]LogLoad: (Engine Initialization) Total time: 2.68 seconds
[2017.08.17-03.01.13:388][  0]LogExternalProfiler: Found external profiler: VSPerf
[2017.08.17-03.01.13:388][  0]LogExternalProfiler: Using external profiler: VSPerf
[2017.08.17-03.01.13:408][  0]LogOcInput: OculusInput pre-init called
[2017.08.17-03.01.13:408][  0]LogHMD: Starting GearVRController plugin
[2017.08.17-03.01.13:452][  2]LogRenderer: Reallocating scene render targets to support 2560x1080 NumSamples 1 (Frame:1).
[2017.08.17-03.01.35:035][337]LogSlate: Request Window 'MenuTutorial (64-bit, PCD3D_SM5)' being destroyed
[2017.08.17-03.01.35:063][337]LogSlate: Window 'MenuTutorial (64-bit, PCD3D_SM5)' being destroyed
[2017.08.17-03.01.35:063][337]LogWindowsTextInputMethodSystem:Display: IME system now deactivated.
[2017.08.17-03.01.35:075][337]LogEngine: All Windows Closed
[2017.08.17-03.01.35:075][337]LogWindows: FPlatformMisc::RequestExit(0)
[2017.08.17-03.01.35:978][338]LogExit: Preparing to exit.
[2017.08.17-03.01.35:978][338]LogMoviePlayer: Shutting down movie player
[2017.08.17-03.01.36:017][338]LogExit: Game engine shut down
[2017.08.17-03.01.36:048][338]LogObj: Freed 32b from 1 cluster array pools.
[2017.08.17-03.01.36:048][338]LogExit: Object subsystem successfully closed.
[2017.08.17-03.01.36:112][338]LogD3D11RHI: Shutdown
[2017.08.17-03.01.36:112][338]LogD3D11RHI: CleanupD3DDevice
[2017.08.17-03.01.36:230][338]LogD3D11RHI: ~FD3D11DynamicRHI
[2017.08.17-03.01.36:231][338]LogModuleManager: Shutting down and abandoning module AutomationController (156)
[2017.08.17-03.01.36:231][338]LogModuleManager: Shutting down and abandoning module AutomationWorker (154)
[2017.08.17-03.01.36:231][338]LogModuleManager: Shutting down and abandoning module AIModule (152)
[2017.08.17-03.01.36:231][338]LogModuleManager: Shutting down and abandoning module GameplayDebugger (151)
[2017.08.17-03.01.36:231][338]LogModuleManager: Shutting down and abandoning module WmfMediaFactory (148)
[2017.08.17-03.01.36:231][338]LogModuleManager: Shutting down and abandoning module AvfMediaFactory (146)
[2017.08.17-03.01.36:231][338]LogModuleManager: Shutting down and abandoning module AndroidMediaFactory (144)
[2017.08.17-03.01.36:231][338]LogModuleManager: Shutting down and abandoning module Media (143)
[2017.08.17-03.01.36:231][338]LogModuleManager: Shutting down and abandoning module CharacterAI (140)
[2017.08.17-03.01.36:231][338]LogModuleManager: Shutting down and abandoning module SessionServices (138)
[2017.08.17-03.01.36:232][338]LogModuleManager: Shutting down and abandoning module MovieSceneTracks (136)
[2017.08.17-03.01.36:232][338]LogModuleManager: Shutting down and abandoning module MovieScene (134)
[2017.08.17-03.01.36:232][338]LogModuleManager: Shutting down and abandoning module GeometryCache (132)
[2017.08.17-03.01.36:232][338]LogModuleManager: Shutting down and abandoning module Niagara (130)
[2017.08.17-03.01.36:232][338]LogModuleManager: Shutting down and abandoning module StreamingPauseRendering (128)
[2017.08.17-03.01.36:232][338]LogModuleManager: Shutting down and abandoning module AnalyticsET (126)
[2017.08.17-03.01.36:232][338]LogModuleManager: Shutting down and abandoning module ProfilerService (124)
[2017.08.17-03.01.36:434][338]LogModuleManager: Shutting down and abandoning module TaskGraph (122)
[2017.08.17-03.01.36:434][338]LogModuleManager: Shutting down and abandoning module HTML5Networking (118)
[2017.08.17-03.01.36:434][338]LogModuleManager: Shutting down and abandoning module SteamVRController (116)
[2017.08.17-03.01.36:434][338]LogModuleManager: Shutting down and abandoning module SteamVR (114)
[2017.08.17-03.01.36:434][338]LogModuleManager: Shutting down and abandoning module ProceduralMeshComponent (112)
[2017.08.17-03.01.36:434][338]LogModuleManager: Shutting down and abandoning module OculusLibrary (110)
[2017.08.17-03.01.36:434][338]LogModuleManager: Shutting down and abandoning module OculusInput (108)
[2017.08.17-03.01.36:434][338]LogModuleManager: Shutting down and abandoning module MobilePatchingUtils (106)
[2017.08.17-03.01.36:434][338]LogModuleManager: Shutting down and abandoning module CustomMeshComponent (104)
[2017.08.17-03.01.36:434][338]LogModuleManager: Shutting down and abandoning module CableComponent (102)
[2017.08.17-03.01.36:434][338]LogModuleManager: Shutting down and abandoning module ArchVisCharacter (100)
[2017.08.17-03.01.36:434][338]LogModuleManager: Shutting down and abandoning module AndroidPermission (98)
[2017.08.17-03.01.36:434][338]LogModuleManager: Shutting down and abandoning module UdpMessaging (96)
[2017.08.17-03.01.36:434][338]LogModuleManager: Shutting down and abandoning module TcpMessaging (94)
[2017.08.17-03.01.36:434][338]LogModuleManager: Shutting down and abandoning module FacialAnimation (92)
[2017.08.17-03.01.36:434][338]LogModuleManager: Shutting down and abandoning module LightPropagationVolumeRuntime (90)
[2017.08.17-03.01.36:434][338]LogModuleManager: Shutting down and abandoning module PhysXVehicles (88)
[2017.08.17-03.01.36:434][338]LogModuleManager: Shutting down and abandoning module LocationServicesBPLibrary (86)
[2017.08.17-03.01.36:434][338]LogModuleManager: Shutting down and abandoning module ImmediatePhysics (84)
[2017.08.17-03.01.36:434][338]LogModuleManager: Shutting down and abandoning module Paper2D (82)
[2017.08.17-03.01.36:434][338]LogModuleManager: Shutting down and abandoning module WmfMedia (80)
[2017.08.17-03.01.36:434][338]LogModuleManager: Shutting down and abandoning module WindowsMoviePlayer (78)
[2017.08.17-03.01.36:435][338]LogModuleManager: Shutting down and abandoning module ClothingSystemRuntime (76)
[2017.08.17-03.01.36:435][338]LogModuleManager: Shutting down and abandoning module MediaAssets (74)
[2017.08.17-03.01.36:435][338]LogModuleManager: Shutting down and abandoning module GameLiveStreaming (72)
[2017.08.17-03.01.36:435][338]LogModuleManager: Shutting down and abandoning module UMG (70)
[2017.08.17-03.01.36:435][338]LogModuleManager: Shutting down and abandoning module SlateReflector (68)
[2017.08.17-03.01.36:435][338]LogModuleManager: Shutting down and abandoning module Slate (66)
[2017.08.17-03.01.36:435][338]LogModuleManager: Shutting down and abandoning module Messaging (64)
[2017.08.17-03.01.36:435][338]LogModuleManager: Shutting down and abandoning module HeadMountedDisplay (62)
[2017.08.17-03.01.36:435][338]LogModuleManager: Shutting down and abandoning module XAudio2 (60)
[2017.08.17-03.01.36:435][338]LogModuleManager: Shutting down and abandoning module Networking (58)
[2017.08.17-03.01.36:435][338]LogModuleManager: Shutting down and abandoning module Core (54)
[2017.08.17-03.01.36:435][338]LogModuleManager: Shutting down and abandoning module LevelSequence (52)
[2017.08.17-03.01.36:435][338]LogModuleManager: Shutting down and abandoning module AssetRegistry (50)
[2017.08.17-03.01.36:436][338]LogModuleManager: Shutting down and abandoning module ImageWrapper (48)
[2017.08.17-03.01.36:436][338]LogModuleManager: Shutting down and abandoning module InputCore (46)
[2017.08.17-03.01.36:436][338]LogModuleManager: Shutting down and abandoning module OnlineSubsystem (42)
[2017.08.17-03.01.36:436][338]LogOnline:Display: Unloading online subsystem: NULL
[2017.08.17-03.01.36:436][338]LogModuleManager: Shutting down and abandoning module HTTP (41)
[2017.08.17-03.01.36:436][338]LogHttp:Display: Http module shutting down, but needs to wait on 1 outstanding Http requests:
[2017.08.17-03.01.36:436][338]LogHttp:Display: 	verb=[POST] url=[https://datarouter.ol.epicgames.com/datarouter/api/v1/public/data?SessionID=%7B73D51BA2-4960-D570-C968-F59BA6D89625%7D&AppID=UEGame.Rocket.Release%7C8CD43735411D4901A30FDE96FE87BD20%7CMain%20Menu%20GamePad%20Tutorial&AppVersion=4.16.3-3561208%2B%2B%2BUE4%2BRelease-4.16&UserID=ANON-%7B33408798-46BE-B4E0-18EB-689A219081A5%7D%7C%7C&AppEnvironment=datacollector-binary&UploadType=eteventstream] status=Processing
[2017.08.17-03.01.36:457][338]LogModuleManager: Shutting down and abandoning module SSL (40)
[2017.08.17-03.01.36:457][338]LogModuleManager: Shutting down and abandoning module HTTPChunkInstaller (36)
[2017.08.17-03.01.36:457][338]LogModuleManager: Shutting down and abandoning module OculusRift (34)
[2017.08.17-03.01.36:457][338]LogModuleManager: Shutting down and abandoning module ExampleDeviceProfileSelector (32)
[2017.08.17-03.01.36:457][338]LogModuleManager: Shutting down and abandoning module GearVRController (30)
[2017.08.17-03.01.36:457][338]LogModuleManager: Shutting down and abandoning module GearVR (28)
[2017.08.17-03.01.36:457][338]LogModuleManager: Shutting down and abandoning module ShaderCore (26)
[2017.08.17-03.01.36:457][338]LogModuleManager: Shutting down and abandoning module Landscape (24)
[2017.08.17-03.01.36:457][338]LogModuleManager: Shutting down and abandoning module SlateRHIRenderer (22)
[2017.08.17-03.01.36:458][338]LogModuleManager: Shutting down and abandoning module OpenGLDrv (20)
[2017.08.17-03.01.36:458][338]LogModuleManager: Shutting down and abandoning module D3D11RHI (18)
[2017.08.17-03.01.36:458][338]LogModuleManager: Shutting down and abandoning module AnimGraphRuntime (16)
[2017.08.17-03.01.36:458][338]LogModuleManager: Shutting down and abandoning module Renderer (14)
[2017.08.17-03.01.36:458][338]LogModuleManager: Shutting down and abandoning module Engine (12)
[2017.08.17-03.01.36:458][338]LogModuleManager: Shutting down and abandoning module CoreUObject (10)
[2017.08.17-03.01.36:458][338]LogModuleManager: Shutting down and abandoning module NetworkFile (8)
[2017.08.17-03.01.36:458][338]LogModuleManager: Shutting down and abandoning module StreamingFile (6)
[2017.08.17-03.01.36:458][338]LogModuleManager: Shutting down and abandoning module SandboxFile (4)
[2017.08.17-03.01.36:458][338]LogModuleManager: Shutting down and abandoning module PakFile (2)
[2017.08.17-03.01.36:458][338]LogSlate: HittestGrid destroyed
[2017.08.17-03.01.36:458][338]LogSlate: HittestGrid destroyed
[2017.08.17-03.01.36:458][338]LogExit: Exiting.
[2017.08.17-03.01.36:459][338]Log file closed, 08/16/17 22:01:36
